2024-01-29 09:54:03,652{GMT}	INFO	[jepsen test runner] jepsen.core: Test version 6db4a9bccd9142bd7ae7d242329edc111cb9c34f (plus uncommitted changes)
2024-01-29 09:54:03,652{GMT}	INFO	[jepsen test runner] jepsen.core: Command line:
lein run test -w echo --bin target/release/maelstrom --node-count 1 --time-limit 10
2024-01-29 09:54:03,710{GMT}	INFO	[jepsen test runner] jepsen.core: Running test:
{:args []
 :remote
 #jepsen.control.retry.Remote{:remote #jepsen.control.scp.Remote{:cmd-remote #jepsen.control.sshj.SSHJRemote{:concurrency-limit 6,
                                                                                                             :conn-spec nil,
                                                                                                             :client nil,
                                                                                                             :semaphore nil},
                                                                 :conn-spec nil},
                              :conn nil}
 :log-net-send false
 :node-count 1
 :availability nil
 :max-txn-length 4
 :concurrency 1
 :db
 #object[maelstrom.db$db$reify__16142
         "0x3fe8d57a"
         "maelstrom.db$db$reify__16142@3fe8d57a"]
 :max-writes-per-key 16
 :leave-db-running? false
 :name "echo"
 :logging-json? false
 :start-time
 #object[org.joda.time.DateTime "0x674cd2da" "2024-01-29T09:54:03.629+01:00"]
 :nemesis-interval 10
 :net
 #object[maelstrom.net$jepsen_net$reify__15251
         "0x686279e0"
         "maelstrom.net$jepsen_net$reify__15251@686279e0"]
 :client
 #object[maelstrom.workload.echo$client$reify__16863
         "0x6b28d4e4"
         "maelstrom.workload.echo$client$reify__16863@6b28d4e4"]
 :barrier
 #object[java.util.concurrent.CyclicBarrier
         "0x41cfcbb5"
         "java.util.concurrent.CyclicBarrier@41cfcbb5"]
 :log-stderr false
 :pure-generators true
 :ssh {:dummy? true}
 :rate 5
 :checker
 #object[jepsen.checker$compose$reify__11881
         "0x40941b54"
         "jepsen.checker$compose$reify__11881@40941b54"]
 :argv
 ("test"
  "-w"
  "echo"
  "--bin"
  "target/release/maelstrom"
  "--node-count"
  "1"
  "--time-limit"
  "10")
 :nemesis
 (jepsen.nemesis.ReflCompose
  {:fm {:start-partition 0,
        :stop-partition 0,
        :kill 1,
        :start 1,
        :pause 1,
        :resume 1},
   :nemeses [#unprintable "jepsen.nemesis.combined$partition_nemesis$reify__16416@3b42d7df"
             #unprintable "jepsen.nemesis.combined$db_nemesis$reify__16397@1660bba7"]})
 :nodes ["n0"]
 :test-count 1
 :latency {:mean 0, :dist :constant}
 :bin "target/release/maelstrom"
 :generator
 (jepsen.generator.TimeLimit
  {:limit 10000000000,
   :cutoff nil,
   :gen (jepsen.generator.Any
         {:gens [(jepsen.generator.OnThreads
                  {:f #{:nemesis},
                   :context-filter #object[jepsen.generator.context$make_thread_filter$lazy_filter__9167
                                           "0x7d3a9061"
                                           "jepsen.generator.context$make_thread_filter$lazy_filter__9167@7d3a9061"],
                   :gen nil})
                 (jepsen.generator.OnThreads
                  {:f #jepsen.generator.context.AllBut{:element :nemesis},
                   :context-filter #object[jepsen.generator.context$make_thread_filter$lazy_filter__9167
                                           "0x2a2f7a61"
                                           "jepsen.generator.context$make_thread_filter$lazy_filter__9167@2a2f7a61"],
                   :gen (jepsen.generator.Stagger
                         {:dt 400000000,
                          :next-time nil,
                          :gen (jepsen.generator.EachThread
                                {:fresh-gen #object[maelstrom.workload.echo$workload$fn__16882
                                                    "0x8d40f07"
                                                    "maelstrom.workload.echo$workload$fn__16882@8d40f07"],
                                 :context-filters #object[clojure.core$promise$reify__8591
                                                          "0x196c8b93"
                                                          {:status :pending,
                                                           :val nil}],
                                 :gens {}})})})]})})
 :log-net-recv false
 :os
 #object[maelstrom.net$jepsen_os$reify__15254
         "0x307ca947"
         "maelstrom.net$jepsen_os$reify__15254@307ca947"]
 :time-limit 10
 :workload :echo
 :consistency-models [:strict-serializable]
 :topology :grid}

2024-01-29 09:54:05,242{GMT}	INFO	[jepsen node n0] maelstrom.net: Starting Maelstrom network
2024-01-29 09:54:05,243{GMT}	INFO	[jepsen test runner] jepsen.db: Tearing down DB
2024-01-29 09:54:05,245{GMT}	INFO	[jepsen test runner] jepsen.db: Setting up DB
2024-01-29 09:54:05,247{GMT}	INFO	[jepsen node n0] maelstrom.service: Starting services: (lin-kv lin-tso lww-kv seq-kv)
2024-01-29 09:54:05,249{GMT}	INFO	[jepsen node n0] maelstrom.db: Setting up n0
2024-01-29 09:54:05,250{GMT}	INFO	[jepsen node n0] maelstrom.process: launching target/release/maelstrom []
2024-01-29 09:54:05,268{GMT}	INFO	[jepsen test runner] jepsen.core: Relative time begins now
2024-01-29 09:54:05,283{GMT}	INFO	[jepsen worker 0] jepsen.util: 0	:invoke	:echo	"Please echo 111"
2024-01-29 09:54:05,290{GMT}	INFO	[jepsen worker 0] jepsen.util: 0	:ok	:echo	{:msg_id 1, :in_reply_to 1, :type "echo_ok", :echo "Please echo 111"}
2024-01-29 09:54:05,407{GMT}	INFO	[jepsen worker 0] jepsen.util: 0	:invoke	:echo	"Please echo 87"
2024-01-29 09:54:05,409{GMT}	INFO	[jepsen worker 0] jepsen.util: 0	:ok	:echo	{:msg_id 2, :in_reply_to 2, :type "echo_ok", :echo "Please echo 87"}
2024-01-29 09:54:05,609{GMT}	INFO	[jepsen worker 0] jepsen.util: 0	:invoke	:echo	"Please echo 7"
2024-01-29 09:54:05,613{GMT}	INFO	[jepsen worker 0] jepsen.util: 0	:ok	:echo	{:msg_id 3, :in_reply_to 3, :type "echo_ok", :echo "Please echo 7"}
2024-01-29 09:54:06,005{GMT}	INFO	[jepsen worker 0] jepsen.util: 0	:invoke	:echo	"Please echo 74"
2024-01-29 09:54:06,009{GMT}	INFO	[jepsen worker 0] jepsen.util: 0	:ok	:echo	{:msg_id 4, :in_reply_to 4, :type "echo_ok", :echo "Please echo 74"}
2024-01-29 09:54:06,385{GMT}	INFO	[jepsen worker 0] jepsen.util: 0	:invoke	:echo	"Please echo 49"
2024-01-29 09:54:06,389{GMT}	INFO	[jepsen worker 0] jepsen.util: 0	:ok	:echo	{:msg_id 5, :in_reply_to 5, :type "echo_ok", :echo "Please echo 49"}
2024-01-29 09:54:06,453{GMT}	INFO	[jepsen worker 0] jepsen.util: 0	:invoke	:echo	"Please echo 57"
2024-01-29 09:54:06,455{GMT}	INFO	[jepsen worker 0] jepsen.util: 0	:ok	:echo	{:msg_id 6, :in_reply_to 6, :type "echo_ok", :echo "Please echo 57"}
2024-01-29 09:54:06,502{GMT}	INFO	[jepsen worker 0] jepsen.util: 0	:invoke	:echo	"Please echo 91"
2024-01-29 09:54:06,504{GMT}	INFO	[jepsen worker 0] jepsen.util: 0	:ok	:echo	{:msg_id 7, :in_reply_to 7, :type "echo_ok", :echo "Please echo 91"}
2024-01-29 09:54:06,607{GMT}	INFO	[jepsen worker 0] jepsen.util: 0	:invoke	:echo	"Please echo 62"
2024-01-29 09:54:06,610{GMT}	INFO	[jepsen worker 0] jepsen.util: 0	:ok	:echo	{:msg_id 8, :in_reply_to 8, :type "echo_ok", :echo "Please echo 62"}
2024-01-29 09:54:06,901{GMT}	INFO	[jepsen worker 0] jepsen.util: 0	:invoke	:echo	"Please echo 104"
2024-01-29 09:54:06,905{GMT}	INFO	[jepsen worker 0] jepsen.util: 0	:ok	:echo	{:msg_id 9, :in_reply_to 9, :type "echo_ok", :echo "Please echo 104"}
2024-01-29 09:54:06,998{GMT}	INFO	[jepsen worker 0] jepsen.util: 0	:invoke	:echo	"Please echo 23"
2024-01-29 09:54:07,002{GMT}	INFO	[jepsen worker 0] jepsen.util: 0	:ok	:echo	{:msg_id 10, :in_reply_to 10, :type "echo_ok", :echo "Please echo 23"}
2024-01-29 09:54:07,295{GMT}	INFO	[jepsen worker 0] jepsen.util: 0	:invoke	:echo	"Please echo 25"
2024-01-29 09:54:07,298{GMT}	INFO	[jepsen worker 0] jepsen.util: 0	:ok	:echo	{:msg_id 11, :in_reply_to 11, :type "echo_ok", :echo "Please echo 25"}
2024-01-29 09:54:07,603{GMT}	INFO	[jepsen worker 0] jepsen.util: 0	:invoke	:echo	"Please echo 74"
2024-01-29 09:54:07,606{GMT}	INFO	[jepsen worker 0] jepsen.util: 0	:ok	:echo	{:msg_id 12, :in_reply_to 12, :type "echo_ok", :echo "Please echo 74"}
2024-01-29 09:54:07,740{GMT}	INFO	[jepsen worker 0] jepsen.util: 0	:invoke	:echo	"Please echo 101"
2024-01-29 09:54:07,743{GMT}	INFO	[jepsen worker 0] jepsen.util: 0	:ok	:echo	{:msg_id 13, :in_reply_to 13, :type "echo_ok", :echo "Please echo 101"}
2024-01-29 09:54:07,988{GMT}	INFO	[jepsen worker 0] jepsen.util: 0	:invoke	:echo	"Please echo 21"
2024-01-29 09:54:07,991{GMT}	INFO	[jepsen worker 0] jepsen.util: 0	:ok	:echo	{:msg_id 14, :in_reply_to 14, :type "echo_ok", :echo "Please echo 21"}
2024-01-29 09:54:08,008{GMT}	INFO	[jepsen worker 0] jepsen.util: 0	:invoke	:echo	"Please echo 115"
2024-01-29 09:54:08,009{GMT}	INFO	[jepsen worker 0] jepsen.util: 0	:ok	:echo	{:msg_id 15, :in_reply_to 15, :type "echo_ok", :echo "Please echo 115"}
2024-01-29 09:54:08,071{GMT}	INFO	[jepsen worker 0] jepsen.util: 0	:invoke	:echo	"Please echo 28"
2024-01-29 09:54:08,072{GMT}	INFO	[jepsen worker 0] jepsen.util: 0	:ok	:echo	{:msg_id 16, :in_reply_to 16, :type "echo_ok", :echo "Please echo 28"}
2024-01-29 09:54:08,073{GMT}	INFO	[jepsen worker 0] jepsen.util: 0	:invoke	:echo	"Please echo 64"
2024-01-29 09:54:08,074{GMT}	INFO	[jepsen worker 0] jepsen.util: 0	:ok	:echo	{:msg_id 17, :in_reply_to 17, :type "echo_ok", :echo "Please echo 64"}
2024-01-29 09:54:08,221{GMT}	INFO	[jepsen worker 0] jepsen.util: 0	:invoke	:echo	"Please echo 124"
2024-01-29 09:54:08,224{GMT}	INFO	[jepsen worker 0] jepsen.util: 0	:ok	:echo	{:msg_id 18, :in_reply_to 18, :type "echo_ok", :echo "Please echo 124"}
2024-01-29 09:54:08,531{GMT}	INFO	[jepsen worker 0] jepsen.util: 0	:invoke	:echo	"Please echo 10"
2024-01-29 09:54:08,533{GMT}	INFO	[jepsen worker 0] jepsen.util: 0	:ok	:echo	{:msg_id 19, :in_reply_to 19, :type "echo_ok", :echo "Please echo 10"}
2024-01-29 09:54:08,915{GMT}	INFO	[jepsen worker 0] jepsen.util: 0	:invoke	:echo	"Please echo 35"
2024-01-29 09:54:08,918{GMT}	INFO	[jepsen worker 0] jepsen.util: 0	:ok	:echo	{:msg_id 20, :in_reply_to 20, :type "echo_ok", :echo "Please echo 35"}
2024-01-29 09:54:09,093{GMT}	INFO	[jepsen worker 0] jepsen.util: 0	:invoke	:echo	"Please echo 18"
2024-01-29 09:54:09,097{GMT}	INFO	[jepsen worker 0] jepsen.util: 0	:ok	:echo	{:msg_id 21, :in_reply_to 21, :type "echo_ok", :echo "Please echo 18"}
2024-01-29 09:54:09,391{GMT}	INFO	[jepsen worker 0] jepsen.util: 0	:invoke	:echo	"Please echo 2"
2024-01-29 09:54:09,395{GMT}	INFO	[jepsen worker 0] jepsen.util: 0	:ok	:echo	{:msg_id 22, :in_reply_to 22, :type "echo_ok", :echo "Please echo 2"}
2024-01-29 09:54:09,405{GMT}	INFO	[jepsen worker 0] jepsen.util: 0	:invoke	:echo	"Please echo 42"
2024-01-29 09:54:09,408{GMT}	INFO	[jepsen worker 0] jepsen.util: 0	:ok	:echo	{:msg_id 23, :in_reply_to 23, :type "echo_ok", :echo "Please echo 42"}
2024-01-29 09:54:09,538{GMT}	INFO	[jepsen worker 0] jepsen.util: 0	:invoke	:echo	"Please echo 120"
2024-01-29 09:54:09,542{GMT}	INFO	[jepsen worker 0] jepsen.util: 0	:ok	:echo	{:msg_id 24, :in_reply_to 24, :type "echo_ok", :echo "Please echo 120"}
2024-01-29 09:54:09,896{GMT}	INFO	[jepsen worker 0] jepsen.util: 0	:invoke	:echo	"Please echo 66"
2024-01-29 09:54:09,899{GMT}	INFO	[jepsen worker 0] jepsen.util: 0	:ok	:echo	{:msg_id 25, :in_reply_to 25, :type "echo_ok", :echo "Please echo 66"}
2024-01-29 09:54:10,185{GMT}	INFO	[jepsen worker 0] jepsen.util: 0	:invoke	:echo	"Please echo 40"
2024-01-29 09:54:10,188{GMT}	INFO	[jepsen worker 0] jepsen.util: 0	:ok	:echo	{:msg_id 26, :in_reply_to 26, :type "echo_ok", :echo "Please echo 40"}
2024-01-29 09:54:10,327{GMT}	INFO	[jepsen worker 0] jepsen.util: 0	:invoke	:echo	"Please echo 51"
2024-01-29 09:54:10,330{GMT}	INFO	[jepsen worker 0] jepsen.util: 0	:ok	:echo	{:msg_id 27, :in_reply_to 27, :type "echo_ok", :echo "Please echo 51"}
2024-01-29 09:54:10,569{GMT}	INFO	[jepsen worker 0] jepsen.util: 0	:invoke	:echo	"Please echo 29"
2024-01-29 09:54:10,573{GMT}	INFO	[jepsen worker 0] jepsen.util: 0	:ok	:echo	{:msg_id 28, :in_reply_to 28, :type "echo_ok", :echo "Please echo 29"}
2024-01-29 09:54:10,822{GMT}	INFO	[jepsen worker 0] jepsen.util: 0	:invoke	:echo	"Please echo 59"
2024-01-29 09:54:10,824{GMT}	INFO	[jepsen worker 0] jepsen.util: 0	:ok	:echo	{:msg_id 29, :in_reply_to 29, :type "echo_ok", :echo "Please echo 59"}
2024-01-29 09:54:11,176{GMT}	INFO	[jepsen worker 0] jepsen.util: 0	:invoke	:echo	"Please echo 30"
2024-01-29 09:54:11,180{GMT}	INFO	[jepsen worker 0] jepsen.util: 0	:ok	:echo	{:msg_id 30, :in_reply_to 30, :type "echo_ok", :echo "Please echo 30"}
2024-01-29 09:54:11,309{GMT}	INFO	[jepsen worker 0] jepsen.util: 0	:invoke	:echo	"Please echo 56"
2024-01-29 09:54:11,311{GMT}	INFO	[jepsen worker 0] jepsen.util: 0	:ok	:echo	{:msg_id 31, :in_reply_to 31, :type "echo_ok", :echo "Please echo 56"}
2024-01-29 09:54:11,560{GMT}	INFO	[jepsen worker 0] jepsen.util: 0	:invoke	:echo	"Please echo 121"
2024-01-29 09:54:11,563{GMT}	INFO	[jepsen worker 0] jepsen.util: 0	:ok	:echo	{:msg_id 32, :in_reply_to 32, :type "echo_ok", :echo "Please echo 121"}
2024-01-29 09:54:11,838{GMT}	INFO	[jepsen worker 0] jepsen.util: 0	:invoke	:echo	"Please echo 65"
2024-01-29 09:54:11,840{GMT}	INFO	[jepsen worker 0] jepsen.util: 0	:ok	:echo	{:msg_id 33, :in_reply_to 33, :type "echo_ok", :echo "Please echo 65"}
2024-01-29 09:54:12,212{GMT}	INFO	[jepsen worker 0] jepsen.util: 0	:invoke	:echo	"Please echo 39"
2024-01-29 09:54:12,216{GMT}	INFO	[jepsen worker 0] jepsen.util: 0	:ok	:echo	{:msg_id 34, :in_reply_to 34, :type "echo_ok", :echo "Please echo 39"}
2024-01-29 09:54:12,228{GMT}	INFO	[jepsen worker 0] jepsen.util: 0	:invoke	:echo	"Please echo 38"
2024-01-29 09:54:12,229{GMT}	INFO	[jepsen worker 0] jepsen.util: 0	:ok	:echo	{:msg_id 35, :in_reply_to 35, :type "echo_ok", :echo "Please echo 38"}
2024-01-29 09:54:12,532{GMT}	INFO	[jepsen worker 0] jepsen.util: 0	:invoke	:echo	"Please echo 77"
2024-01-29 09:54:12,535{GMT}	INFO	[jepsen worker 0] jepsen.util: 0	:ok	:echo	{:msg_id 36, :in_reply_to 36, :type "echo_ok", :echo "Please echo 77"}
2024-01-29 09:54:12,896{GMT}	INFO	[jepsen worker 0] jepsen.util: 0	:invoke	:echo	"Please echo 91"
2024-01-29 09:54:12,899{GMT}	INFO	[jepsen worker 0] jepsen.util: 0	:ok	:echo	{:msg_id 37, :in_reply_to 37, :type "echo_ok", :echo "Please echo 91"}
2024-01-29 09:54:13,050{GMT}	INFO	[jepsen worker 0] jepsen.util: 0	:invoke	:echo	"Please echo 32"
2024-01-29 09:54:13,052{GMT}	INFO	[jepsen worker 0] jepsen.util: 0	:ok	:echo	{:msg_id 38, :in_reply_to 38, :type "echo_ok", :echo "Please echo 32"}
2024-01-29 09:54:13,319{GMT}	INFO	[jepsen worker 0] jepsen.util: 0	:invoke	:echo	"Please echo 104"
2024-01-29 09:54:13,322{GMT}	INFO	[jepsen worker 0] jepsen.util: 0	:ok	:echo	{:msg_id 39, :in_reply_to 39, :type "echo_ok", :echo "Please echo 104"}
2024-01-29 09:54:13,682{GMT}	INFO	[jepsen worker 0] jepsen.util: 0	:invoke	:echo	"Please echo 52"
2024-01-29 09:54:13,685{GMT}	INFO	[jepsen worker 0] jepsen.util: 0	:ok	:echo	{:msg_id 40, :in_reply_to 40, :type "echo_ok", :echo "Please echo 52"}
2024-01-29 09:54:13,994{GMT}	INFO	[jepsen worker 0] jepsen.util: 0	:invoke	:echo	"Please echo 0"
2024-01-29 09:54:13,997{GMT}	INFO	[jepsen worker 0] jepsen.util: 0	:ok	:echo	{:msg_id 41, :in_reply_to 41, :type "echo_ok", :echo "Please echo 0"}
2024-01-29 09:54:14,310{GMT}	INFO	[jepsen worker 0] jepsen.util: 0	:invoke	:echo	"Please echo 124"
2024-01-29 09:54:14,312{GMT}	INFO	[jepsen worker 0] jepsen.util: 0	:ok	:echo	{:msg_id 42, :in_reply_to 42, :type "echo_ok", :echo "Please echo 124"}
2024-01-29 09:54:14,461{GMT}	INFO	[jepsen worker 0] jepsen.util: 0	:invoke	:echo	"Please echo 44"
2024-01-29 09:54:14,464{GMT}	INFO	[jepsen worker 0] jepsen.util: 0	:ok	:echo	{:msg_id 43, :in_reply_to 43, :type "echo_ok", :echo "Please echo 44"}
2024-01-29 09:54:14,708{GMT}	INFO	[jepsen worker 0] jepsen.util: 0	:invoke	:echo	"Please echo 47"
2024-01-29 09:54:14,710{GMT}	INFO	[jepsen worker 0] jepsen.util: 0	:ok	:echo	{:msg_id 44, :in_reply_to 44, :type "echo_ok", :echo "Please echo 47"}
2024-01-29 09:54:14,832{GMT}	INFO	[jepsen worker 0] jepsen.util: 0	:invoke	:echo	"Please echo 82"
2024-01-29 09:54:14,834{GMT}	INFO	[jepsen worker 0] jepsen.util: 0	:ok	:echo	{:msg_id 45, :in_reply_to 45, :type "echo_ok", :echo "Please echo 82"}
2024-01-29 09:54:15,223{GMT}	INFO	[jepsen worker 0] jepsen.util: 0	:invoke	:echo	"Please echo 100"
2024-01-29 09:54:15,226{GMT}	INFO	[jepsen worker 0] jepsen.util: 0	:ok	:echo	{:msg_id 46, :in_reply_to 46, :type "echo_ok", :echo "Please echo 100"}
2024-01-29 09:54:15,242{GMT}	INFO	[jepsen test runner] jepsen.core: Run complete, writing
2024-01-29 09:54:15,283{GMT}	INFO	[jepsen node n0] maelstrom.db: Tearing down n0
2024-01-29 09:54:16,256{GMT}	INFO	[jepsen node n0] maelstrom.net: Shutting down Maelstrom network
2024-01-29 09:54:16,258{GMT}	INFO	[jepsen test runner] jepsen.core: Analyzing...
2024-01-29 09:54:16,371{GMT}	WARN	[clojure-agent-send-off-pool-1] jepsen.checker: Error while checking history:
java.lang.IllegalStateException: Error rendering plot, verify gnuplot is installed and reachable
	at jepsen.checker.perf$plot_BANG_.invokeStatic(perf.clj:489)
	at jepsen.checker.perf$plot_BANG_.invoke(perf.clj:426)
	at jepsen.checker.perf$point_graph_BANG_.invokeStatic(perf.clj:520)
	at jepsen.checker.perf$point_graph_BANG_.invoke(perf.clj:493)
	at jepsen.checker$latency_graph$reify__12098.check(checker.clj:830)
	at jepsen.checker$check_safe.invokeStatic(checker.clj:86)
	at jepsen.checker$check_safe.invoke(checker.clj:79)
	at jepsen.checker$compose$reify__11881$fn__11883.invoke(checker.clj:102)
	at clojure.core$pmap$fn__8552$fn__8553.invoke(core.clj:7089)
	at clojure.core$binding_conveyor_fn$fn__5823.invoke(core.clj:2047)
	at clojure.lang.AFn.call(AFn.java:18)
	at java.base/java.util.concurrent.FutureTask.run(FutureTask.java:317)
	at java.base/java.util.concurrent.ThreadPoolExecutor.runWorker(ThreadPoolExecutor.java:1144)
	at java.base/java.util.concurrent.ThreadPoolExecutor$Worker.run(ThreadPoolExecutor.java:642)
	at java.base/java.lang.Thread.run(Thread.java:1583)
Caused by: java.io.IOException: Cannot run program "gnuplot": error=2, No such file or directory
	at java.base/java.lang.ProcessBuilder.start(ProcessBuilder.java:1170)
	at java.base/java.lang.ProcessBuilder.start(ProcessBuilder.java:1089)
	at java.base/java.lang.Runtime.exec(Runtime.java:681)
	at clojure.java.shell$sh.invokeStatic(shell.clj:113)
	at clojure.java.shell$sh.doInvoke(shell.clj:79)
	at clojure.lang.RestFn.invoke(RestFn.java:512)
	at gnuplot.core$run_BANG_.invokeStatic(core.clj:76)
	at gnuplot.core$run_BANG_.invoke(core.clj:66)
	at gnuplot.core$raw_plot_BANG_.invokeStatic(core.clj:106)
	at gnuplot.core$raw_plot_BANG_.invoke(core.clj:91)
	... 15 common frames omitted
Caused by: java.io.IOException: error=2, No such file or directory
	at java.base/java.lang.ProcessImpl.forkAndExec(Native Method)
	at java.base/java.lang.ProcessImpl.<init>(ProcessImpl.java:295)
	at java.base/java.lang.ProcessImpl.start(ProcessImpl.java:225)
	at java.base/java.lang.ProcessBuilder.start(ProcessBuilder.java:1126)
	... 24 common frames omitted
2024-01-29 09:54:16,371{GMT}	WARN	[clojure-agent-send-off-pool-3] jepsen.checker: Error while checking history:
java.lang.IllegalStateException: Error rendering plot, verify gnuplot is installed and reachable
	at jepsen.checker.perf$plot_BANG_.invokeStatic(perf.clj:489)
	at jepsen.checker.perf$plot_BANG_.invoke(perf.clj:426)
	at jepsen.checker.perf$rate_graph_BANG_.invokeStatic(perf.clj:623)
	at jepsen.checker.perf$rate_graph_BANG_.invoke(perf.clj:568)
	at jepsen.checker$rate_graph$reify__12101.check(checker.clj:843)
	at jepsen.checker$check_safe.invokeStatic(checker.clj:86)
	at jepsen.checker$check_safe.invoke(checker.clj:79)
	at jepsen.checker$compose$reify__11881$fn__11883.invoke(checker.clj:102)
	at clojure.core$pmap$fn__8552$fn__8553.invoke(core.clj:7089)
	at clojure.core$binding_conveyor_fn$fn__5823.invoke(core.clj:2047)
	at clojure.lang.AFn.call(AFn.java:18)
	at java.base/java.util.concurrent.FutureTask.run(FutureTask.java:317)
	at java.base/java.util.concurrent.ThreadPoolExecutor.runWorker(ThreadPoolExecutor.java:1144)
	at java.base/java.util.concurrent.ThreadPoolExecutor$Worker.run(ThreadPoolExecutor.java:642)
	at java.base/java.lang.Thread.run(Thread.java:1583)
Caused by: java.io.IOException: Cannot run program "gnuplot": error=2, No such file or directory
	at java.base/java.lang.ProcessBuilder.start(ProcessBuilder.java:1170)
	at java.base/java.lang.ProcessBuilder.start(ProcessBuilder.java:1089)
	at java.base/java.lang.Runtime.exec(Runtime.java:681)
	at clojure.java.shell$sh.invokeStatic(shell.clj:113)
	at clojure.java.shell$sh.doInvoke(shell.clj:79)
	at clojure.lang.RestFn.invoke(RestFn.java:512)
	at gnuplot.core$run_BANG_.invokeStatic(core.clj:76)
	at gnuplot.core$run_BANG_.invoke(core.clj:66)
	at gnuplot.core$raw_plot_BANG_.invokeStatic(core.clj:106)
	at gnuplot.core$raw_plot_BANG_.invoke(core.clj:91)
	... 15 common frames omitted
Caused by: java.io.IOException: error=2, No such file or directory
	at java.base/java.lang.ProcessImpl.forkAndExec(Native Method)
	at java.base/java.lang.ProcessImpl.<init>(ProcessImpl.java:295)
	at java.base/java.lang.ProcessImpl.start(ProcessImpl.java:225)
	at java.base/java.lang.ProcessBuilder.start(ProcessBuilder.java:1126)
	... 24 common frames omitted
2024-01-29 09:54:16,375{GMT}	INFO	[jepsen test runner] jepsen.core: Analysis complete
2024-01-29 09:54:16,386{GMT}	INFO	[jepsen results] jepsen.store: Wrote /home/agarces/rust/maelstrom/store/echo/20240129T095403.629+0100/results.edn
2024-01-29 09:54:16,394{GMT}	INFO	[jepsen test runner] jepsen.core: {:perf {:latency-graph {:valid? :unknown,
                        :error "java.lang.IllegalStateException: Error rendering plot, verify gnuplot is installed and reachable\n at jepsen.checker.perf$plot_BANG_.invokeStatic (perf.clj:489)\n    jepsen.checker.perf$plot_BANG_.invoke (perf.clj:426)\n    jepsen.checker.perf$point_graph_BANG_.invokeStatic (perf.clj:520)\n    jepsen.checker.perf$point_graph_BANG_.invoke (perf.clj:493)\n    jepsen.checker$latency_graph$reify__12098.check (checker.clj:830)\n    jepsen.checker$check_safe.invokeStatic (checker.clj:86)\n    jepsen.checker$check_safe.invoke (checker.clj:79)\n    jepsen.checker$compose$reify__11881$fn__11883.invoke (checker.clj:102)\n    clojure.core$pmap$fn__8552$fn__8553.invoke (core.clj:7089)\n    clojure.core$binding_conveyor_fn$fn__5823.invoke (core.clj:2047)\n    clojure.lang.AFn.call (AFn.java:18)\n    java.util.concurrent.FutureTask.run (FutureTask.java:317)\n    java.util.concurrent.ThreadPoolExecutor.runWorker (ThreadPoolExecutor.java:1144)\n    java.util.concurrent.ThreadPoolExecutor$Worker.run (ThreadPoolExecutor.java:642)\n    java.lang.Thread.run (Thread.java:1583)\nCaused by: java.io.IOException: Cannot run program \"gnuplot\": error=2, No such file or directory\n at java.lang.ProcessBuilder.start (ProcessBuilder.java:1170)\n    java.lang.ProcessBuilder.start (ProcessBuilder.java:1089)\n    java.lang.Runtime.exec (Runtime.java:681)\n    clojure.java.shell$sh.invokeStatic (shell.clj:113)\n    clojure.java.shell$sh.doInvoke (shell.clj:79)\n    clojure.lang.RestFn.invoke (RestFn.java:512)\n    gnuplot.core$run_BANG_.invokeStatic (core.clj:76)\n    gnuplot.core$run_BANG_.invoke (core.clj:66)\n    gnuplot.core$raw_plot_BANG_.invokeStatic (core.clj:106)\n    gnuplot.core$raw_plot_BANG_.invoke (core.clj:91)\n    jepsen.checker.perf$plot_BANG_.invokeStatic (perf.clj:489)\n    jepsen.checker.perf$plot_BANG_.invoke (perf.clj:426)\n    jepsen.checker.perf$point_graph_BANG_.invokeStatic (perf.clj:520)\n    jepsen.checker.perf$point_graph_BANG_.invoke (perf.clj:493)\n    jepsen.checker$latency_graph$reify__12098.check (checker.clj:830)\n    jepsen.checker$check_safe.invokeStatic (checker.clj:86)\n    jepsen.checker$check_safe.invoke (checker.clj:79)\n    jepsen.checker$compose$reify__11881$fn__11883.invoke (checker.clj:102)\n    clojure.core$pmap$fn__8552$fn__8553.invoke (core.clj:7089)\n    clojure.core$binding_conveyor_fn$fn__5823.invoke (core.clj:2047)\n    clojure.lang.AFn.call (AFn.java:18)\n    java.util.concurrent.FutureTask.run (FutureTask.java:317)\n    java.util.concurrent.ThreadPoolExecutor.runWorker (ThreadPoolExecutor.java:1144)\n    java.util.concurrent.ThreadPoolExecutor$Worker.run (ThreadPoolExecutor.java:642)\n    java.lang.Thread.run (Thread.java:1583)\nCaused by: java.io.IOException: error=2, No such file or directory\n at java.lang.ProcessImpl.forkAndExec (ProcessImpl.java:-2)\n    java.lang.ProcessImpl.<init> (ProcessImpl.java:295)\n    java.lang.ProcessImpl.start (ProcessImpl.java:225)\n    java.lang.ProcessBuilder.start (ProcessBuilder.java:1126)\n    java.lang.ProcessBuilder.start (ProcessBuilder.java:1089)\n    java.lang.Runtime.exec (Runtime.java:681)\n    clojure.java.shell$sh.invokeStatic (shell.clj:113)\n    clojure.java.shell$sh.doInvoke (shell.clj:79)\n    clojure.lang.RestFn.invoke (RestFn.java:512)\n    gnuplot.core$run_BANG_.invokeStatic (core.clj:76)\n    gnuplot.core$run_BANG_.invoke (core.clj:66)\n    gnuplot.core$raw_plot_BANG_.invokeStatic (core.clj:106)\n    gnuplot.core$raw_plot_BANG_.invoke (core.clj:91)\n    jepsen.checker.perf$plot_BANG_.invokeStatic (perf.clj:489)\n    jepsen.checker.perf$plot_BANG_.invoke (perf.clj:426)\n    jepsen.checker.perf$point_graph_BANG_.invokeStatic (perf.clj:520)\n    jepsen.checker.perf$point_graph_BANG_.invoke (perf.clj:493)\n    jepsen.checker$latency_graph$reify__12098.check (checker.clj:830)\n    jepsen.checker$check_safe.invokeStatic (checker.clj:86)\n    jepsen.checker$check_safe.invoke (checker.clj:79)\n    jepsen.checker$compose$reify__11881$fn__11883.invoke (checker.clj:102)\n    clojure.core$pmap$fn__8552$fn__8553.invoke (core.clj:7089)\n    clojure.core$binding_conveyor_fn$fn__5823.invoke (core.clj:2047)\n    clojure.lang.AFn.call (AFn.java:18)\n    java.util.concurrent.FutureTask.run (FutureTask.java:317)\n    java.util.concurrent.ThreadPoolExecutor.runWorker (ThreadPoolExecutor.java:1144)\n    java.util.concurrent.ThreadPoolExecutor$Worker.run (ThreadPoolExecutor.java:642)\n    java.lang.Thread.run (Thread.java:1583)\n"},
        :rate-graph {:valid? :unknown,
                     :error "java.lang.IllegalStateException: Error rendering plot, verify gnuplot is installed and reachable\n at jepsen.checker.perf$plot_BANG_.invokeStatic (perf.clj:489)\n    jepsen.checker.perf$plot_BANG_.invoke (perf.clj:426)\n    jepsen.checker.perf$rate_graph_BANG_.invokeStatic (perf.clj:623)\n    jepsen.checker.perf$rate_graph_BANG_.invoke (perf.clj:568)\n    jepsen.checker$rate_graph$reify__12101.check (checker.clj:843)\n    jepsen.checker$check_safe.invokeStatic (checker.clj:86)\n    jepsen.checker$check_safe.invoke (checker.clj:79)\n    jepsen.checker$compose$reify__11881$fn__11883.invoke (checker.clj:102)\n    clojure.core$pmap$fn__8552$fn__8553.invoke (core.clj:7089)\n    clojure.core$binding_conveyor_fn$fn__5823.invoke (core.clj:2047)\n    clojure.lang.AFn.call (AFn.java:18)\n    java.util.concurrent.FutureTask.run (FutureTask.java:317)\n    java.util.concurrent.ThreadPoolExecutor.runWorker (ThreadPoolExecutor.java:1144)\n    java.util.concurrent.ThreadPoolExecutor$Worker.run (ThreadPoolExecutor.java:642)\n    java.lang.Thread.run (Thread.java:1583)\nCaused by: java.io.IOException: Cannot run program \"gnuplot\": error=2, No such file or directory\n at java.lang.ProcessBuilder.start (ProcessBuilder.java:1170)\n    java.lang.ProcessBuilder.start (ProcessBuilder.java:1089)\n    java.lang.Runtime.exec (Runtime.java:681)\n    clojure.java.shell$sh.invokeStatic (shell.clj:113)\n    clojure.java.shell$sh.doInvoke (shell.clj:79)\n    clojure.lang.RestFn.invoke (RestFn.java:512)\n    gnuplot.core$run_BANG_.invokeStatic (core.clj:76)\n    gnuplot.core$run_BANG_.invoke (core.clj:66)\n    gnuplot.core$raw_plot_BANG_.invokeStatic (core.clj:106)\n    gnuplot.core$raw_plot_BANG_.invoke (core.clj:91)\n    jepsen.checker.perf$plot_BANG_.invokeStatic (perf.clj:489)\n    jepsen.checker.perf$plot_BANG_.invoke (perf.clj:426)\n    jepsen.checker.perf$rate_graph_BANG_.invokeStatic (perf.clj:623)\n    jepsen.checker.perf$rate_graph_BANG_.invoke (perf.clj:568)\n    jepsen.checker$rate_graph$reify__12101.check (checker.clj:843)\n    jepsen.checker$check_safe.invokeStatic (checker.clj:86)\n    jepsen.checker$check_safe.invoke (checker.clj:79)\n    jepsen.checker$compose$reify__11881$fn__11883.invoke (checker.clj:102)\n    clojure.core$pmap$fn__8552$fn__8553.invoke (core.clj:7089)\n    clojure.core$binding_conveyor_fn$fn__5823.invoke (core.clj:2047)\n    clojure.lang.AFn.call (AFn.java:18)\n    java.util.concurrent.FutureTask.run (FutureTask.java:317)\n    java.util.concurrent.ThreadPoolExecutor.runWorker (ThreadPoolExecutor.java:1144)\n    java.util.concurrent.ThreadPoolExecutor$Worker.run (ThreadPoolExecutor.java:642)\n    java.lang.Thread.run (Thread.java:1583)\nCaused by: java.io.IOException: error=2, No such file or directory\n at java.lang.ProcessImpl.forkAndExec (ProcessImpl.java:-2)\n    java.lang.ProcessImpl.<init> (ProcessImpl.java:295)\n    java.lang.ProcessImpl.start (ProcessImpl.java:225)\n    java.lang.ProcessBuilder.start (ProcessBuilder.java:1126)\n    java.lang.ProcessBuilder.start (ProcessBuilder.java:1089)\n    java.lang.Runtime.exec (Runtime.java:681)\n    clojure.java.shell$sh.invokeStatic (shell.clj:113)\n    clojure.java.shell$sh.doInvoke (shell.clj:79)\n    clojure.lang.RestFn.invoke (RestFn.java:512)\n    gnuplot.core$run_BANG_.invokeStatic (core.clj:76)\n    gnuplot.core$run_BANG_.invoke (core.clj:66)\n    gnuplot.core$raw_plot_BANG_.invokeStatic (core.clj:106)\n    gnuplot.core$raw_plot_BANG_.invoke (core.clj:91)\n    jepsen.checker.perf$plot_BANG_.invokeStatic (perf.clj:489)\n    jepsen.checker.perf$plot_BANG_.invoke (perf.clj:426)\n    jepsen.checker.perf$rate_graph_BANG_.invokeStatic (perf.clj:623)\n    jepsen.checker.perf$rate_graph_BANG_.invoke (perf.clj:568)\n    jepsen.checker$rate_graph$reify__12101.check (checker.clj:843)\n    jepsen.checker$check_safe.invokeStatic (checker.clj:86)\n    jepsen.checker$check_safe.invoke (checker.clj:79)\n    jepsen.checker$compose$reify__11881$fn__11883.invoke (checker.clj:102)\n    clojure.core$pmap$fn__8552$fn__8553.invoke (core.clj:7089)\n    clojure.core$binding_conveyor_fn$fn__5823.invoke (core.clj:2047)\n    clojure.lang.AFn.call (AFn.java:18)\n    java.util.concurrent.FutureTask.run (FutureTask.java:317)\n    java.util.concurrent.ThreadPoolExecutor.runWorker (ThreadPoolExecutor.java:1144)\n    java.util.concurrent.ThreadPoolExecutor$Worker.run (ThreadPoolExecutor.java:642)\n    java.lang.Thread.run (Thread.java:1583)\n"},
        :valid? :unknown},
 :timeline {:valid? true},
 :exceptions {:valid? true},
 :stats {:valid? true,
         :count 46,
         :ok-count 46,
         :fail-count 0,
         :info-count 0,
         :by-f {:echo {:valid? true,
                       :count 46,
                       :ok-count 46,
                       :fail-count 0,
                       :info-count 0}}},
 :availability {:valid? true, :ok-fraction 1.0},
 :net {:all {:send-count 94,
             :recv-count 94,
             :msg-count 94,
             :msgs-per-op 2.0434783},
       :clients {:send-count 94, :recv-count 94, :msg-count 94},
       :servers {:send-count 0,
                 :recv-count 0,
                 :msg-count 0,
                 :msgs-per-op 0.0},
       :valid? true},
 :workload {:valid? true, :errors ()},
 :valid? :unknown}


Errors occurred during analysis, but no anomalies found. ಠ~ಠ
